

Started GET "/assets/rails.png" for 127.0.0.1 at 2013-07-01 13:56:47 -0600
Connecting to database specified by database.yml
Served asset /rails.png - 200 OK (24ms)


Started GET "/assets/rails.png" for 127.0.0.1 at 2013-08-23 10:28:06 -0600
Connecting to database specified by database.yml
Served asset /rails.png - 200 OK (2ms)


Started GET "/" for 127.0.0.1 at 2013-08-23 10:28:26 -0600
Connecting to database specified by database.yml
Processing by StaticPagesController#home as HTML
  Rendered static_pages/home.html.haml within layouts/full_width (3.1ms)
  Rendered layouts/base.html.erb (0.4ms)
Completed 200 OK in 17ms (Views: 16.6ms | ActiveRecord: 0.0ms)


Started GET "/" for 127.0.0.1 at 2013-08-23 10:28:46 -0600
Processing by StaticPagesController#home as HTML
  Rendered static_pages/home.html.haml within layouts/full_width (0.1ms)
  Rendered layouts/base.html.erb (16.0ms)
Completed 500 Internal Server Error in 19ms

ActionView::Template::Error (couldn't find file 'bootsgrap'
  (in /Users/jacket/ruby/first_app/app/assets/stylesheets/application.css:12)):
    2: <html>
    3: 	<head>
    4: 		<title>Macaluso Law</title>
    5: 	    <%= stylesheet_link_tag    "application", :media => "all" %>
    6: 	    <%= javascript_include_tag "application" %>
    7: 	    <%= csrf_meta_tags %>
    8: 	</head>
  app/views/layouts/base.html.erb:5:in `_app_views_layouts_base_html_erb___4418153920549008382_70322456582440'
  app/views/layouts/full_width.html.haml:3:in `_app_views_layouts_full_width_html_haml__4579535380723935627_70322451330520'


  Rendered /Users/jacket/.rvm/gems/ruby-1.9.3-p327/gems/actionpack-3.2.9/lib/action_dispatch/middleware/templates/rescues/_trace.erb (2.0ms)
  Rendered /Users/jacket/.rvm/gems/ruby-1.9.3-p327/gems/actionpack-3.2.9/lib/action_dispatch/middleware/templates/rescues/_request_and_response.erb (1.2ms)
  Rendered /Users/jacket/.rvm/gems/ruby-1.9.3-p327/gems/actionpack-3.2.9/lib/action_dispatch/middleware/templates/rescues/template_error.erb within rescues/layout (13.6ms)


Started GET "/" for 127.0.0.1 at 2013-08-23 10:30:46 -0600
Processing by StaticPagesController#home as HTML
  Rendered static_pages/home.html.haml within layouts/full_width (0.1ms)
Compiled bootstrap.css  (3721ms)  (pid 68506)
Compiled application/layout.css  (1ms)  (pid 68506)
Compiled application/type.css  (1ms)  (pid 68506)
Compiled application.css  (3777ms)  (pid 68506)
Compiled jquery.js  (2ms)  (pid 68506)
Compiled jquery_ujs.js  (0ms)  (pid 68506)
Compiled static_pages.js  (564ms)  (pid 68506)
Compiled application.js  (674ms)  (pid 68506)
  Rendered layouts/base.html.erb (4616.0ms)
Completed 200 OK in 4619ms (Views: 4618.7ms | ActiveRecord: 0.0ms)


Started GET "/assets/application.css?body=1" for 127.0.0.1 at 2013-08-23 10:30:50 -0600
Served asset /application.css - 200 OK (25ms)


Started GET "/assets/bootstrap.css?body=1" for 127.0.0.1 at 2013-08-23 10:30:50 -0600
Served asset /bootstrap.css - 200 OK (8ms)


Started GET "/assets/application/type.css?body=1" for 127.0.0.1 at 2013-08-23 10:30:50 -0600
Served asset /application/type.css - 200 OK (2ms)


Started GET "/assets/application/layout.css?body=1" for 127.0.0.1 at 2013-08-23 10:30:50 -0600
Served asset /application/layout.css - 200 OK (2ms)


Started GET "/assets/static_pages.js?body=1" for 127.0.0.1 at 2013-08-23 10:30:50 -0600
Served asset /static_pages.js - 200 OK (1ms)


Started GET "/assets/application.js?body=1" for 127.0.0.1 at 2013-08-23 10:30:50 -0600
Served asset /application.js - 200 OK (5ms)


Started GET "/assets/jquery.js?body=1" for 127.0.0.1 at 2013-08-23 10:30:50 -0600
Served asset /jquery.js - 200 OK (3ms)


Started GET "/assets/jquery_ujs.js?body=1" for 127.0.0.1 at 2013-08-23 10:30:50 -0600
Served asset /jquery_ujs.js - 200 OK (2ms)


Started GET "/" for 127.0.0.1 at 2013-08-23 10:32:06 -0600
Processing by StaticPagesController#home as HTML
  Rendered static_pages/home.html.haml within layouts/full_width (0.1ms)
  Rendered layouts/base.html.erb (33.4ms)
Completed 200 OK in 36ms (Views: 36.0ms | ActiveRecord: 0.0ms)


Started GET "/assets/application.css?body=1" for 127.0.0.1 at 2013-08-23 10:32:06 -0600
Served asset /application.css - 200 OK (1ms)


Started GET "/assets/application/layout.css?body=1" for 127.0.0.1 at 2013-08-23 10:32:06 -0600
Served asset /application/layout.css - 200 OK (0ms)


Started GET "/assets/bootstrap.css?body=1" for 127.0.0.1 at 2013-08-23 10:32:06 -0600
Served asset /bootstrap.css - 200 OK (0ms)


Started GET "/assets/application/type.css?body=1" for 127.0.0.1 at 2013-08-23 10:32:06 -0600
Served asset /application/type.css - 200 OK (0ms)


Started GET "/assets/jquery.js?body=1" for 127.0.0.1 at 2013-08-23 10:32:06 -0600
Served asset /jquery.js - 200 OK (0ms)


Started GET "/assets/static_pages.js?body=1" for 127.0.0.1 at 2013-08-23 10:32:06 -0600
Served asset /static_pages.js - 200 OK (0ms)


Started GET "/assets/jquery_ujs.js?body=1" for 127.0.0.1 at 2013-08-23 10:32:06 -0600
Served asset /jquery_ujs.js - 200 OK (0ms)


Started GET "/assets/application.js?body=1" for 127.0.0.1 at 2013-08-23 10:32:06 -0600
Served asset /application.js - 200 OK (0ms)


Started GET "/" for 127.0.0.1 at 2013-08-23 10:32:28 -0600
Processing by StaticPagesController#home as HTML
  Rendered static_pages/home.html.haml within layouts/full_width (1.4ms)
  Rendered layouts/base.html.erb (5.3ms)
Completed 200 OK in 9ms (Views: 9.1ms | ActiveRecord: 0.0ms)


Started GET "/assets/application.css?body=1" for 127.0.0.1 at 2013-08-23 10:32:28 -0600
Served asset /application.css - 200 OK (1ms)


Started GET "/assets/jquery.js?body=1" for 127.0.0.1 at 2013-08-23 10:32:28 -0600
Served asset /jquery.js - 200 OK (0ms)


Started GET "/assets/jquery_ujs.js?body=1" for 127.0.0.1 at 2013-08-23 10:32:28 -0600
Served asset /jquery_ujs.js - 200 OK (0ms)


Started GET "/assets/bootstrap.css?body=1" for 127.0.0.1 at 2013-08-23 10:32:28 -0600
Served asset /bootstrap.css - 200 OK (0ms)


Started GET "/assets/application/type.css?body=1" for 127.0.0.1 at 2013-08-23 10:32:28 -0600
Served asset /application/type.css - 200 OK (0ms)


Started GET "/assets/application/layout.css?body=1" for 127.0.0.1 at 2013-08-23 10:32:28 -0600
Served asset /application/layout.css - 200 OK (0ms)


Started GET "/assets/static_pages.js?body=1" for 127.0.0.1 at 2013-08-23 10:32:28 -0600
Served asset /static_pages.js - 200 OK (0ms)


Started GET "/assets/application.js?body=1" for 127.0.0.1 at 2013-08-23 10:32:28 -0600
Served asset /application.js - 200 OK (0ms)


Started GET "/" for 127.0.0.1 at 2013-08-23 10:32:46 -0600
Processing by StaticPagesController#home as HTML
  Rendered static_pages/home.html.haml within layouts/full_width (1.3ms)
  Rendered layouts/base.html.erb (6.0ms)
Completed 200 OK in 10ms (Views: 9.8ms | ActiveRecord: 0.0ms)


Started GET "/assets/application.css?body=1" for 127.0.0.1 at 2013-08-23 10:32:46 -0600
Served asset /application.css - 200 OK (1ms)


Started GET "/assets/application/layout.css?body=1" for 127.0.0.1 at 2013-08-23 10:32:46 -0600
Served asset /application/layout.css - 200 OK (0ms)


Started GET "/assets/bootstrap.css?body=1" for 127.0.0.1 at 2013-08-23 10:32:46 -0600
Served asset /bootstrap.css - 200 OK (0ms)


Started GET "/assets/application/type.css?body=1" for 127.0.0.1 at 2013-08-23 10:32:46 -0600
Served asset /application/type.css - 200 OK (0ms)


Started GET "/assets/jquery_ujs.js?body=1" for 127.0.0.1 at 2013-08-23 10:32:46 -0600
Served asset /jquery_ujs.js - 200 OK (0ms)


Started GET "/assets/jquery.js?body=1" for 127.0.0.1 at 2013-08-23 10:32:46 -0600
Served asset /jquery.js - 200 OK (0ms)


Started GET "/assets/static_pages.js?body=1" for 127.0.0.1 at 2013-08-23 10:32:46 -0600
Served asset /static_pages.js - 200 OK (0ms)


Started GET "/assets/application.js?body=1" for 127.0.0.1 at 2013-08-23 10:32:46 -0600
Served asset /application.js - 200 OK (0ms)


Started GET "/who_we_are" for 127.0.0.1 at 2013-08-23 10:32:58 -0600
Processing by StaticPagesController#who_we_are as HTML
  Rendered static_pages/who_we_are.html.haml within layouts/application (1.7ms)
Completed 500 Internal Server Error in 42ms

ActionView::Template::Error (Missing partial shared/default_sidebar with {:locale=>[:en], :formats=>[:html], :handlers=>[:erb, :builder, :coffee, :haml]}. Searched in:
  * "/Users/jacket/ruby/first_app/app/views"
):
    2:   .row
    3:     .span3
    4:       = yield :sidebar
    5:       = render 'shared/default_sidebar'
    6:     .span9= yield
    7: 
    8: = render template: 'layouts/base'
  app/views/layouts/application.html.haml:5:in `block in _app_views_layouts_application_html_haml__3454635787473585281_70322450785480'
  app/views/layouts/application.html.haml:1:in `_app_views_layouts_application_html_haml__3454635787473585281_70322450785480'


  Rendered /Users/jacket/.rvm/gems/ruby-1.9.3-p327/gems/actionpack-3.2.9/lib/action_dispatch/middleware/templates/rescues/_trace.erb (2.0ms)
  Rendered /Users/jacket/.rvm/gems/ruby-1.9.3-p327/gems/actionpack-3.2.9/lib/action_dispatch/middleware/templates/rescues/_request_and_response.erb (1.4ms)
  Rendered /Users/jacket/.rvm/gems/ruby-1.9.3-p327/gems/actionpack-3.2.9/lib/action_dispatch/middleware/templates/rescues/template_error.erb within rescues/layout (12.8ms)


Started GET "/who_we_are" for 127.0.0.1 at 2013-08-23 10:34:08 -0600
Processing by StaticPagesController#who_we_are as HTML
  Rendered static_pages/who_we_are.html.haml within layouts/application (0.2ms)
  Rendered shared/_default_sidebar.html.haml (1.7ms)
  Rendered layouts/base.html.erb (5.7ms)
Completed 200 OK in 12ms (Views: 11.5ms | ActiveRecord: 0.0ms)


Started GET "/assets/application.css?body=1" for 127.0.0.1 at 2013-08-23 10:34:08 -0600
Served asset /application.css - 200 OK (0ms)


Started GET "/assets/bootstrap.css?body=1" for 127.0.0.1 at 2013-08-23 10:34:08 -0600
Served asset /bootstrap.css - 200 OK (0ms)


Started GET "/assets/application/layout.css?body=1" for 127.0.0.1 at 2013-08-23 10:34:08 -0600
Served asset /application/layout.css - 200 OK (0ms)


Started GET "/assets/jquery_ujs.js?body=1" for 127.0.0.1 at 2013-08-23 10:34:08 -0600
Served asset /jquery_ujs.js - 200 OK (0ms)


Started GET "/assets/jquery.js?body=1" for 127.0.0.1 at 2013-08-23 10:34:08 -0600
Served asset /jquery.js - 200 OK (0ms)


Started GET "/assets/application/type.css?body=1" for 127.0.0.1 at 2013-08-23 10:34:08 -0600
Served asset /application/type.css - 200 OK (0ms)


Started GET "/assets/static_pages.js?body=1" for 127.0.0.1 at 2013-08-23 10:34:08 -0600
Served asset /static_pages.js - 200 OK (0ms)


Started GET "/assets/application.js?body=1" for 127.0.0.1 at 2013-08-23 10:34:08 -0600
Served asset /application.js - 200 OK (0ms)


Started GET "/who_we_are" for 127.0.0.1 at 2013-08-23 10:35:14 -0600
Processing by StaticPagesController#who_we_are as HTML
  Rendered static_pages/who_we_are.html.haml within layouts/application (0.2ms)
  Rendered shared/_default_sidebar.html.haml (0.1ms)
  Rendered layouts/base.html.erb (5.5ms)
Completed 200 OK in 10ms (Views: 9.4ms | ActiveRecord: 0.0ms)


Started GET "/assets/application.css?body=1" for 127.0.0.1 at 2013-08-23 10:35:14 -0600
Served asset /application.css - 200 OK (0ms)


Started GET "/assets/application/type.css?body=1" for 127.0.0.1 at 2013-08-23 10:35:14 -0600
Served asset /application/type.css - 200 OK (0ms)


Started GET "/assets/bootstrap.css?body=1" for 127.0.0.1 at 2013-08-23 10:35:14 -0600
Served asset /bootstrap.css - 200 OK (0ms)


Started GET "/assets/application/layout.css?body=1" for 127.0.0.1 at 2013-08-23 10:35:14 -0600
Served asset /application/layout.css - 200 OK (0ms)


Started GET "/assets/jquery.js?body=1" for 127.0.0.1 at 2013-08-23 10:35:14 -0600
Served asset /jquery.js - 200 OK (0ms)


Started GET "/assets/jquery_ujs.js?body=1" for 127.0.0.1 at 2013-08-23 10:35:14 -0600
Served asset /jquery_ujs.js - 200 OK (0ms)


Started GET "/assets/static_pages.js?body=1" for 127.0.0.1 at 2013-08-23 10:35:14 -0600
Served asset /static_pages.js - 200 OK (0ms)


Started GET "/assets/application.js?body=1" for 127.0.0.1 at 2013-08-23 10:35:14 -0600
Served asset /application.js - 200 OK (0ms)


Started GET "/who_we_are" for 127.0.0.1 at 2013-08-23 10:35:16 -0600
Processing by StaticPagesController#who_we_are as HTML
  Rendered static_pages/who_we_are.html.haml within layouts/application (0.3ms)
  Rendered shared/_default_sidebar.html.haml (0.1ms)
  Rendered layouts/base.html.erb (5.7ms)
Completed 200 OK in 10ms (Views: 9.7ms | ActiveRecord: 0.0ms)


Started GET "/assets/application.css?body=1" for 127.0.0.1 at 2013-08-23 10:35:16 -0600
Served asset /application.css - 200 OK (0ms)


Started GET "/assets/bootstrap.css?body=1" for 127.0.0.1 at 2013-08-23 10:35:16 -0600
Served asset /bootstrap.css - 200 OK (0ms)


Started GET "/assets/application/type.css?body=1" for 127.0.0.1 at 2013-08-23 10:35:16 -0600
Served asset /application/type.css - 200 OK (0ms)


Started GET "/assets/application/layout.css?body=1" for 127.0.0.1 at 2013-08-23 10:35:16 -0600
Served asset /application/layout.css - 200 OK (0ms)


Started GET "/assets/jquery.js?body=1" for 127.0.0.1 at 2013-08-23 10:35:16 -0600
Served asset /jquery.js - 200 OK (0ms)


Started GET "/assets/jquery_ujs.js?body=1" for 127.0.0.1 at 2013-08-23 10:35:16 -0600
Served asset /jquery_ujs.js - 200 OK (0ms)


Started GET "/assets/static_pages.js?body=1" for 127.0.0.1 at 2013-08-23 10:35:16 -0600
Served asset /static_pages.js - 200 OK (0ms)


Started GET "/assets/application.js?body=1" for 127.0.0.1 at 2013-08-23 10:35:16 -0600
Served asset /application.js - 200 OK (0ms)


Started GET "/who_we_are" for 127.0.0.1 at 2013-08-23 10:35:43 -0600
Processing by StaticPagesController#who_we_are as HTML
  Rendered static_pages/who_we_are.html.haml within layouts/application (0.2ms)
  Rendered shared/_default_sidebar.html.haml (0.1ms)
  Rendered layouts/base.html.erb (5.7ms)
Completed 200 OK in 10ms (Views: 9.7ms | ActiveRecord: 0.0ms)


Started GET "/assets/application.css?body=1" for 127.0.0.1 at 2013-08-23 10:35:43 -0600
Served asset /application.css - 200 OK (1ms)


Started GET "/assets/bootstrap.css?body=1" for 127.0.0.1 at 2013-08-23 10:35:43 -0600
Served asset /bootstrap.css - 200 OK (0ms)


Started GET "/assets/application/layout.css?body=1" for 127.0.0.1 at 2013-08-23 10:35:43 -0600
Served asset /application/layout.css - 200 OK (0ms)


Started GET "/assets/jquery_ujs.js?body=1" for 127.0.0.1 at 2013-08-23 10:35:43 -0600
Served asset /jquery_ujs.js - 200 OK (0ms)


Started GET "/assets/jquery.js?body=1" for 127.0.0.1 at 2013-08-23 10:35:43 -0600
Served asset /jquery.js - 200 OK (0ms)


Started GET "/assets/application/type.css?body=1" for 127.0.0.1 at 2013-08-23 10:35:43 -0600
Served asset /application/type.css - 200 OK (0ms)


Started GET "/assets/static_pages.js?body=1" for 127.0.0.1 at 2013-08-23 10:35:43 -0600
Served asset /static_pages.js - 200 OK (0ms)


Started GET "/assets/application.js?body=1" for 127.0.0.1 at 2013-08-23 10:35:43 -0600
Served asset /application.js - 200 OK (0ms)


Started GET "/who_we_are" for 127.0.0.1 at 2013-08-23 10:36:12 -0600
Processing by StaticPagesController#who_we_are as HTML
  Rendered static_pages/who_we_are.html.haml within layouts/application (0.3ms)
  Rendered shared/_default_sidebar.html.haml (0.1ms)
  Rendered layouts/base.html.erb (5.4ms)
Completed 200 OK in 10ms (Views: 9.6ms | ActiveRecord: 0.0ms)


Started GET "/assets/application.css?body=1" for 127.0.0.1 at 2013-08-23 10:36:12 -0600
Served asset /application.css - 200 OK (0ms)


Started GET "/assets/application/layout.css?body=1" for 127.0.0.1 at 2013-08-23 10:36:12 -0600
Served asset /application/layout.css - 200 OK (0ms)


Started GET "/assets/bootstrap.css?body=1" for 127.0.0.1 at 2013-08-23 10:36:12 -0600
Served asset /bootstrap.css - 200 OK (0ms)


Started GET "/assets/jquery_ujs.js?body=1" for 127.0.0.1 at 2013-08-23 10:36:12 -0600
Served asset /jquery_ujs.js - 200 OK (0ms)


Started GET "/assets/application/type.css?body=1" for 127.0.0.1 at 2013-08-23 10:36:12 -0600
Served asset /application/type.css - 200 OK (0ms)


Started GET "/assets/jquery.js?body=1" for 127.0.0.1 at 2013-08-23 10:36:12 -0600
Served asset /jquery.js - 200 OK (0ms)


Started GET "/assets/static_pages.js?body=1" for 127.0.0.1 at 2013-08-23 10:36:12 -0600
Served asset /static_pages.js - 200 OK (0ms)


Started GET "/assets/application.js?body=1" for 127.0.0.1 at 2013-08-23 10:36:12 -0600
Served asset /application.js - 200 OK (0ms)


Started GET "/who_we_are" for 127.0.0.1 at 2013-08-23 10:36:14 -0600
Processing by StaticPagesController#who_we_are as HTML
  Rendered static_pages/who_we_are.html.haml within layouts/application (0.3ms)
  Rendered shared/_default_sidebar.html.haml (0.1ms)
  Rendered layouts/base.html.erb (5.5ms)
Completed 200 OK in 9ms (Views: 9.1ms | ActiveRecord: 0.0ms)


Started GET "/assets/application.css?body=1" for 127.0.0.1 at 2013-08-23 10:36:14 -0600
Served asset /application.css - 200 OK (0ms)


Started GET "/assets/bootstrap.css?body=1" for 127.0.0.1 at 2013-08-23 10:36:14 -0600
Served asset /bootstrap.css - 200 OK (0ms)


Started GET "/assets/jquery_ujs.js?body=1" for 127.0.0.1 at 2013-08-23 10:36:14 -0600
Served asset /jquery_ujs.js - 200 OK (0ms)


Started GET "/assets/jquery.js?body=1" for 127.0.0.1 at 2013-08-23 10:36:14 -0600
Served asset /jquery.js - 200 OK (0ms)


Started GET "/assets/application/layout.css?body=1" for 127.0.0.1 at 2013-08-23 10:36:14 -0600
Served asset /application/layout.css - 200 OK (0ms)


Started GET "/assets/application/type.css?body=1" for 127.0.0.1 at 2013-08-23 10:36:14 -0600
Served asset /application/type.css - 200 OK (0ms)


Started GET "/assets/static_pages.js?body=1" for 127.0.0.1 at 2013-08-23 10:36:14 -0600
Served asset /static_pages.js - 200 OK (0ms)


Started GET "/assets/application.js?body=1" for 127.0.0.1 at 2013-08-23 10:36:14 -0600
Served asset /application.js - 200 OK (0ms)


Started GET "/who_we_are" for 127.0.0.1 at 2013-08-23 10:36:38 -0600
Processing by StaticPagesController#who_we_are as HTML
  Rendered static_pages/who_we_are.html.haml within layouts/application (0.2ms)
  Rendered shared/_default_sidebar.html.haml (0.1ms)
  Rendered layouts/base.html.erb (5.3ms)
Completed 200 OK in 9ms (Views: 9.0ms | ActiveRecord: 0.0ms)


Started GET "/assets/application.css?body=1" for 127.0.0.1 at 2013-08-23 10:36:38 -0600
Served asset /application.css - 200 OK (0ms)


Started GET "/assets/bootstrap.css?body=1" for 127.0.0.1 at 2013-08-23 10:36:38 -0600
Served asset /bootstrap.css - 200 OK (0ms)


Started GET "/assets/application/layout.css?body=1" for 127.0.0.1 at 2013-08-23 10:36:38 -0600
Served asset /application/layout.css - 200 OK (0ms)


Started GET "/assets/jquery.js?body=1" for 127.0.0.1 at 2013-08-23 10:36:38 -0600
Served asset /jquery.js - 200 OK (0ms)


Started GET "/assets/application/type.css?body=1" for 127.0.0.1 at 2013-08-23 10:36:38 -0600
Served asset /application/type.css - 200 OK (0ms)


Started GET "/assets/jquery_ujs.js?body=1" for 127.0.0.1 at 2013-08-23 10:36:38 -0600
Served asset /jquery_ujs.js - 200 OK (0ms)


Started GET "/assets/static_pages.js?body=1" for 127.0.0.1 at 2013-08-23 10:36:38 -0600
Served asset /static_pages.js - 200 OK (0ms)


Started GET "/assets/application.js?body=1" for 127.0.0.1 at 2013-08-23 10:36:38 -0600
Served asset /application.js - 200 OK (0ms)


Started GET "/who_we_are" for 127.0.0.1 at 2013-08-23 10:36:44 -0600
Processing by StaticPagesController#who_we_are as HTML
Completed 500 Internal Server Error in 9ms

NameError (Could not render layout: undefined local variable or method `application' for #<StaticPagesController:0x007fea72805f70>):
  actionpack (3.2.9) lib/abstract_controller/layouts.rb:408:in `rescue in _default_layout'
  actionpack (3.2.9) lib/abstract_controller/layouts.rb:405:in `_default_layout'
  actionpack (3.2.9) lib/abstract_controller/layouts.rb:383:in `block in _layout_for_option'
  actionpack (3.2.9) lib/action_view/renderer/template_renderer.rb:86:in `call'
  actionpack (3.2.9) lib/action_view/renderer/template_renderer.rb:86:in `resolve_layout'
  actionpack (3.2.9) lib/action_view/renderer/template_renderer.rb:69:in `block in find_layout'
  actionpack (3.2.9) lib/action_view/lookup_context.rb:228:in `with_layout_format'
  actionpack (3.2.9) lib/action_view/renderer/abstract_renderer.rb:3:in `with_layout_format'
  actionpack (3.2.9) lib/action_view/renderer/template_renderer.rb:69:in `find_layout'
  actionpack (3.2.9) lib/action_view/renderer/template_renderer.rb:53:in `render_with_layout'
  actionpack (3.2.9) lib/action_view/renderer/template_renderer.rb:45:in `render_template'
  actionpack (3.2.9) lib/action_view/renderer/template_renderer.rb:18:in `render'
  actionpack (3.2.9) lib/action_view/renderer/renderer.rb:36:in `render_template'
  actionpack (3.2.9) lib/action_view/renderer/renderer.rb:17:in `render'
  actionpack (3.2.9) lib/abstract_controller/rendering.rb:110:in `_render_template'
  actionpack (3.2.9) lib/action_controller/metal/streaming.rb:225:in `_render_template'
  actionpack (3.2.9) lib/abstract_controller/rendering.rb:103:in `render_to_body'
  actionpack (3.2.9) lib/action_controller/metal/renderers.rb:28:in `render_to_body'
  actionpack (3.2.9) lib/action_controller/metal/compatibility.rb:50:in `render_to_body'
  actionpack (3.2.9) lib/abstract_controller/rendering.rb:88:in `render'
  actionpack (3.2.9) lib/action_controller/metal/rendering.rb:16:in `render'
  actionpack (3.2.9) lib/action_controller/metal/instrumentation.rb:40:in `block (2 levels) in render'
  activesupport (3.2.9) lib/active_support/core_ext/benchmark.rb:5:in `block in ms'
  /Users/jacket/.rvm/rubies/ruby-1.9.3-p327/lib/ruby/1.9.1/benchmark.rb:295:in `realtime'
  activesupport (3.2.9) lib/active_support/core_ext/benchmark.rb:5:in `ms'
  actionpack (3.2.9) lib/action_controller/metal/instrumentation.rb:40:in `block in render'
  actionpack (3.2.9) lib/action_controller/metal/instrumentation.rb:83:in `cleanup_view_runtime'
  activerecord (3.2.9) lib/active_record/railties/controller_runtime.rb:24:in `cleanup_view_runtime'
  actionpack (3.2.9) lib/action_controller/metal/instrumentation.rb:39:in `render'
  actionpack (3.2.9) lib/action_controller/metal/implicit_render.rb:10:in `default_render'
  actionpack (3.2.9) lib/action_controller/metal/implicit_render.rb:4:in `send_action'
  actionpack (3.2.9) lib/abstract_controller/base.rb:167:in `process_action'
  actionpack (3.2.9) lib/action_controller/metal/rendering.rb:10:in `process_action'
  actionpack (3.2.9) lib/abstract_controller/callbacks.rb:18:in `block in process_action'
  activesupport (3.2.9) lib/active_support/callbacks.rb:414:in `_run__1354267875218139346__process_action__1152736708891178955__callbacks'
  activesupport (3.2.9) lib/active_support/callbacks.rb:405:in `__run_callback'
  activesupport (3.2.9) lib/active_support/callbacks.rb:385:in `_run_process_action_callbacks'
  activesupport (3.2.9) lib/active_support/callbacks.rb:81:in `run_callbacks'
  actionpack (3.2.9) lib/abstract_controller/callbacks.rb:17:in `process_action'
  actionpack (3.2.9) lib/action_controller/metal/rescue.rb:29:in `process_action'
  actionpack (3.2.9) lib/action_controller/metal/instrumentation.rb:30:in `block in process_action'
  activesupport (3.2.9) lib/active_support/notifications.rb:123:in `block in instrument'
  activesupport (3.2.9) lib/active_support/notifications/instrumenter.rb:20:in `instrument'
  activesupport (3.2.9) lib/active_support/notifications.rb:123:in `instrument'
  actionpack (3.2.9) lib/action_controller/metal/instrumentation.rb:29:in `process_action'
  actionpack (3.2.9) lib/action_controller/metal/params_wrapper.rb:207:in `process_action'
  activerecord (3.2.9) lib/active_record/railties/controller_runtime.rb:18:in `process_action'
  actionpack (3.2.9) lib/abstract_controller/base.rb:121:in `process'
  actionpack (3.2.9) lib/abstract_controller/rendering.rb:45:in `process'
  actionpack (3.2.9) lib/action_controller/metal.rb:203:in `dispatch'
  actionpack (3.2.9) lib/action_controller/metal/rack_delegation.rb:14:in `dispatch'
  actionpack (3.2.9) lib/action_controller/metal.rb:246:in `block in action'
  actionpack (3.2.9) lib/action_dispatch/routing/route_set.rb:73:in `call'
  actionpack (3.2.9) lib/action_dispatch/routing/route_set.rb:73:in `dispatch'
  actionpack (3.2.9) lib/action_dispatch/routing/route_set.rb:36:in `call'
  journey (1.0.4) lib/journey/router.rb:68:in `block in call'
  journey (1.0.4) lib/journey/router.rb:56:in `each'
  journey (1.0.4) lib/journey/router.rb:56:in `call'
  actionpack (3.2.9) lib/action_dispatch/routing/route_set.rb:601:in `call'
  actionpack (3.2.9) lib/action_dispatch/middleware/best_standards_support.rb:17:in `call'
  rack (1.4.5) lib/rack/etag.rb:23:in `call'
  rack (1.4.5) lib/rack/conditionalget.rb:25:in `call'
  actionpack (3.2.9) lib/action_dispatch/middleware/head.rb:14:in `call'
  actionpack (3.2.9) lib/action_dispatch/middleware/params_parser.rb:21:in `call'
  actionpack (3.2.9) lib/action_dispatch/middleware/flash.rb:242:in `call'
  rack (1.4.5) lib/rack/session/abstract/id.rb:210:in `context'
  rack (1.4.5) lib/rack/session/abstract/id.rb:205:in `call'
  actionpack (3.2.9) lib/action_dispatch/middleware/cookies.rb:341:in `call'
  activerecord (3.2.9) lib/active_record/query_cache.rb:64:in `call'
  activerecord (3.2.9) lib/active_record/connection_adapters/abstract/connection_pool.rb:479:in `call'
  actionpack (3.2.9) lib/action_dispatch/middleware/callbacks.rb:28:in `block in call'
  activesupport (3.2.9) lib/active_support/callbacks.rb:405:in `_run__48795935764785891__call__3055202471233841219__callbacks'
  activesupport (3.2.9) lib/active_support/callbacks.rb:405:in `__run_callback'
  activesupport (3.2.9) lib/active_support/callbacks.rb:385:in `_run_call_callbacks'
  activesupport (3.2.9) lib/active_support/callbacks.rb:81:in `run_callbacks'
  actionpack (3.2.9) lib/action_dispatch/middleware/callbacks.rb:27:in `call'
  actionpack (3.2.9) lib/action_dispatch/middleware/reloader.rb:65:in `call'
  actionpack (3.2.9) lib/action_dispatch/middleware/remote_ip.rb:31:in `call'
  actionpack (3.2.9) lib/action_dispatch/middleware/debug_exceptions.rb:16:in `call'
  actionpack (3.2.9) lib/action_dispatch/middleware/show_exceptions.rb:56:in `call'
  railties (3.2.9) lib/rails/rack/logger.rb:32:in `call_app'
  railties (3.2.9) lib/rails/rack/logger.rb:16:in `block in call'
  activesupport (3.2.9) lib/active_support/tagged_logging.rb:22:in `tagged'
  railties (3.2.9) lib/rails/rack/logger.rb:16:in `call'
  actionpack (3.2.9) lib/action_dispatch/middleware/request_id.rb:22:in `call'
  rack (1.4.5) lib/rack/methodoverride.rb:21:in `call'
  rack (1.4.5) lib/rack/runtime.rb:17:in `call'
  activesupport (3.2.9) lib/active_support/cache/strategy/local_cache.rb:72:in `call'
  rack (1.4.5) lib/rack/lock.rb:15:in `call'
  actionpack (3.2.9) lib/action_dispatch/middleware/static.rb:62:in `call'
  railties (3.2.9) lib/rails/engine.rb:479:in `call'
  railties (3.2.9) lib/rails/application.rb:223:in `call'
  rack (1.4.5) lib/rack/content_length.rb:14:in `call'
  railties (3.2.9) lib/rails/rack/log_tailer.rb:17:in `call'
  rack (1.4.5) lib/rack/handler/webrick.rb:59:in `service'
  /Users/jacket/.rvm/rubies/ruby-1.9.3-p327/lib/ruby/1.9.1/webrick/httpserver.rb:138:in `service'
  /Users/jacket/.rvm/rubies/ruby-1.9.3-p327/lib/ruby/1.9.1/webrick/httpserver.rb:94:in `run'
  /Users/jacket/.rvm/rubies/ruby-1.9.3-p327/lib/ruby/1.9.1/webrick/server.rb:191:in `block in start_thread'


  Rendered /Users/jacket/.rvm/gems/ruby-1.9.3-p327/gems/actionpack-3.2.9/lib/action_dispatch/middleware/templates/rescues/_trace.erb (1.8ms)
  Rendered /Users/jacket/.rvm/gems/ruby-1.9.3-p327/gems/actionpack-3.2.9/lib/action_dispatch/middleware/templates/rescues/_request_and_response.erb (1.3ms)
  Rendered /Users/jacket/.rvm/gems/ruby-1.9.3-p327/gems/actionpack-3.2.9/lib/action_dispatch/middleware/templates/rescues/diagnostics.erb within rescues/layout (12.5ms)


Started GET "/who_we_are" for 127.0.0.1 at 2013-08-23 10:36:56 -0600
Processing by StaticPagesController#who_we_are as HTML
  Rendered static_pages/who_we_are.html.haml within layouts/application (0.2ms)
  Rendered shared/_default_sidebar.html.haml (0.1ms)
  Rendered layouts/base.html.erb (5.5ms)
Completed 200 OK in 10ms (Views: 9.4ms | ActiveRecord: 0.0ms)


Started GET "/assets/application.css?body=1" for 127.0.0.1 at 2013-08-23 10:36:56 -0600
Served asset /application.css - 200 OK (0ms)


Started GET "/assets/bootstrap.css?body=1" for 127.0.0.1 at 2013-08-23 10:36:56 -0600
Served asset /bootstrap.css - 200 OK (0ms)


Started GET "/assets/application/layout.css?body=1" for 127.0.0.1 at 2013-08-23 10:36:56 -0600
Served asset /application/layout.css - 200 OK (0ms)


Started GET "/assets/application/type.css?body=1" for 127.0.0.1 at 2013-08-23 10:36:56 -0600
Served asset /application/type.css - 200 OK (0ms)


Started GET "/assets/jquery.js?body=1" for 127.0.0.1 at 2013-08-23 10:36:56 -0600
Served asset /jquery.js - 200 OK (0ms)


Started GET "/assets/jquery_ujs.js?body=1" for 127.0.0.1 at 2013-08-23 10:36:56 -0600
Served asset /jquery_ujs.js - 200 OK (0ms)


Started GET "/assets/static_pages.js?body=1" for 127.0.0.1 at 2013-08-23 10:36:56 -0600
Served asset /static_pages.js - 200 OK (0ms)


Started GET "/assets/application.js?body=1" for 127.0.0.1 at 2013-08-23 10:36:56 -0600
Served asset /application.js - 200 OK (0ms)


Started GET "/who_we_are" for 127.0.0.1 at 2013-08-23 10:37:19 -0600
Processing by StaticPagesController#who_we_are as HTML
  Rendered static_pages/who_we_are.html.haml within layouts/application (0.2ms)
  Rendered shared/_default_sidebar.html.haml (0.1ms)
  Rendered layouts/base.html.erb (5.5ms)
Completed 200 OK in 10ms (Views: 9.4ms | ActiveRecord: 0.0ms)


Started GET "/assets/application.css?body=1" for 127.0.0.1 at 2013-08-23 10:37:19 -0600
Served asset /application.css - 200 OK (0ms)


Started GET "/assets/bootstrap.css?body=1" for 127.0.0.1 at 2013-08-23 10:37:19 -0600
Served asset /bootstrap.css - 200 OK (0ms)


Started GET "/assets/application/layout.css?body=1" for 127.0.0.1 at 2013-08-23 10:37:19 -0600
Served asset /application/layout.css - 200 OK (0ms)


Started GET "/assets/jquery_ujs.js?body=1" for 127.0.0.1 at 2013-08-23 10:37:19 -0600
Served asset /jquery_ujs.js - 200 OK (0ms)


Started GET "/assets/jquery.js?body=1" for 127.0.0.1 at 2013-08-23 10:37:19 -0600
Served asset /jquery.js - 200 OK (0ms)


Started GET "/assets/application/type.css?body=1" for 127.0.0.1 at 2013-08-23 10:37:19 -0600
Served asset /application/type.css - 200 OK (0ms)


Started GET "/assets/static_pages.js?body=1" for 127.0.0.1 at 2013-08-23 10:37:19 -0600
Served asset /static_pages.js - 200 OK (0ms)


Started GET "/assets/application.js?body=1" for 127.0.0.1 at 2013-08-23 10:37:19 -0600
Served asset /application.js - 200 OK (0ms)


Started GET "/who_we_are" for 127.0.0.1 at 2013-08-23 10:37:40 -0600
Processing by StaticPagesController#who_we_are as HTML
  Rendered static_pages/who_we_are.html.haml within layouts/application (0.2ms)
  Rendered shared/_default_sidebar.html.haml (0.1ms)
  Rendered layouts/base.html.erb (5.4ms)
Completed 200 OK in 10ms (Views: 9.6ms | ActiveRecord: 0.0ms)


Started GET "/assets/application.css?body=1" for 127.0.0.1 at 2013-08-23 10:37:40 -0600
Served asset /application.css - 200 OK (0ms)


Started GET "/assets/bootstrap.css?body=1" for 127.0.0.1 at 2013-08-23 10:37:40 -0600
Served asset /bootstrap.css - 200 OK (0ms)


Started GET "/assets/application/type.css?body=1" for 127.0.0.1 at 2013-08-23 10:37:40 -0600
Served asset /application/type.css - 200 OK (0ms)


Started GET "/assets/application/layout.css?body=1" for 127.0.0.1 at 2013-08-23 10:37:40 -0600
Served asset /application/layout.css - 200 OK (0ms)


Started GET "/assets/jquery_ujs.js?body=1" for 127.0.0.1 at 2013-08-23 10:37:40 -0600
Served asset /jquery_ujs.js - 200 OK (0ms)


Started GET "/assets/jquery.js?body=1" for 127.0.0.1 at 2013-08-23 10:37:40 -0600
Served asset /jquery.js - 200 OK (0ms)


Started GET "/assets/static_pages.js?body=1" for 127.0.0.1 at 2013-08-23 10:37:40 -0600
Served asset /static_pages.js - 200 OK (0ms)


Started GET "/assets/application.js?body=1" for 127.0.0.1 at 2013-08-23 10:37:40 -0600
Served asset /application.js - 200 OK (0ms)


Started GET "/who_we_are" for 127.0.0.1 at 2013-08-23 10:37:42 -0600
Processing by StaticPagesController#who_we_are as HTML
  Rendered static_pages/who_we_are.html.haml within layouts/application (0.3ms)
  Rendered shared/_default_sidebar.html.haml (0.1ms)
  Rendered layouts/base.html.erb (5.7ms)
Completed 200 OK in 10ms (Views: 9.7ms | ActiveRecord: 0.0ms)


Started GET "/assets/application.css?body=1" for 127.0.0.1 at 2013-08-23 10:37:42 -0600
Served asset /application.css - 200 OK (1ms)


Started GET "/assets/bootstrap.css?body=1" for 127.0.0.1 at 2013-08-23 10:37:42 -0600
Served asset /bootstrap.css - 200 OK (0ms)


Started GET "/assets/application/layout.css?body=1" for 127.0.0.1 at 2013-08-23 10:37:42 -0600
Served asset /application/layout.css - 200 OK (0ms)


Started GET "/assets/jquery.js?body=1" for 127.0.0.1 at 2013-08-23 10:37:42 -0600
Served asset /jquery.js - 200 OK (0ms)


Started GET "/assets/jquery_ujs.js?body=1" for 127.0.0.1 at 2013-08-23 10:37:42 -0600
Served asset /jquery_ujs.js - 200 OK (0ms)


Started GET "/assets/application/type.css?body=1" for 127.0.0.1 at 2013-08-23 10:37:42 -0600
Served asset /application/type.css - 200 OK (0ms)


Started GET "/assets/static_pages.js?body=1" for 127.0.0.1 at 2013-08-23 10:37:42 -0600
Served asset /static_pages.js - 200 OK (0ms)


Started GET "/assets/application.js?body=1" for 127.0.0.1 at 2013-08-23 10:37:42 -0600
Served asset /application.js - 200 OK (0ms)


Started GET "/who_we_are" for 127.0.0.1 at 2013-08-23 10:38:26 -0600
Processing by StaticPagesController#who_we_are as HTML
  Rendered static_pages/who_we_are.html.haml within layouts/application (0.3ms)
  Rendered shared/_default_sidebar.html.haml (0.2ms)
  Rendered layouts/base.html.erb (36.5ms)
Completed 200 OK in 42ms (Views: 41.5ms | ActiveRecord: 0.0ms)


Started GET "/assets/application.css?body=1" for 127.0.0.1 at 2013-08-23 10:38:26 -0600
Served asset /application.css - 200 OK (0ms)


Started GET "/assets/application/layout.css?body=1" for 127.0.0.1 at 2013-08-23 10:38:26 -0600
Served asset /application/layout.css - 200 OK (0ms)


Started GET "/assets/jquery_ujs.js?body=1" for 127.0.0.1 at 2013-08-23 10:38:26 -0600
Served asset /jquery_ujs.js - 200 OK (0ms)


Started GET "/assets/application/type.css?body=1" for 127.0.0.1 at 2013-08-23 10:38:26 -0600
Served asset /application/type.css - 200 OK (0ms)


Started GET "/assets/bootstrap.css?body=1" for 127.0.0.1 at 2013-08-23 10:38:26 -0600
Served asset /bootstrap.css - 200 OK (0ms)


Started GET "/assets/jquery.js?body=1" for 127.0.0.1 at 2013-08-23 10:38:26 -0600
Served asset /jquery.js - 200 OK (0ms)


Started GET "/assets/static_pages.js?body=1" for 127.0.0.1 at 2013-08-23 10:38:26 -0600
Served asset /static_pages.js - 200 OK (0ms)


Started GET "/assets/application.js?body=1" for 127.0.0.1 at 2013-08-23 10:38:26 -0600
Served asset /application.js - 200 OK (0ms)
